<?xml version="1.0" encoding="UTF-8"?>
<!-- Generated by org.testng.reporters.JUnitReportReporter -->
<testsuite skipped="0" hostname="DESKTOP-S8A3V6O" name="PenTest" tests="1" failures="0" timestamp="2022-02-22T00:24:55 MSK" time="0.013" errors="0">
  <testcase name="testIsWork" time="0.013" classname="PenTest"/>
  <system-out/>
</testsuite> <!-- PenTest -->
